<?xml version="1.0" encoding="UTF-8"?>
<testng-results ignored="0" total="3" passed="3" failed="0" skipped="0">
  <reporter-output>
  </reporter-output>
  <suite started-at="2025-06-16T21:49:01 IST" name="CrossBrowser and Parallel" finished-at="2025-06-16T21:49:22 IST" duration-ms="20924">
    <groups>
    </groups>
    <test started-at="2025-06-16T21:49:01 IST" name="ChromeTest" finished-at="2025-06-16T21:49:17 IST" duration-ms="15306">
      <class name="TestNG_Practice.CrossBrowser_Parallel">
        <test-method is-config="true" signature="setup(java.lang.String)[pri:0, instance:TestNG_Practice.CrossBrowser_Parallel@3eb25e1a]" started-at="2025-06-16T21:49:01 IST" name="setup" finished-at="2025-06-16T21:49:09 IST" duration-ms="7885" status="PASS">
          <params>
            <param index="0">
              <value>
                <![CDATA[Chrome]]>
              </value>
            </param>
          </params>
          <reporter-output>
          </reporter-output>
        </test-method> <!-- setup -->
        <test-method signature="LoginandLogout()[pri:0, instance:TestNG_Practice.CrossBrowser_Parallel@3eb25e1a]" started-at="2025-06-16T21:49:09 IST" name="LoginandLogout" finished-at="2025-06-16T21:49:15 IST" duration-ms="6112" status="PASS">
          <reporter-output>
          </reporter-output>
        </test-method> <!-- LoginandLogout -->
        <test-method is-config="true" signature="teardown()[pri:0, instance:TestNG_Practice.CrossBrowser_Parallel@3eb25e1a]" started-at="2025-06-16T21:49:15 IST" name="teardown" finished-at="2025-06-16T21:49:17 IST" duration-ms="1252" status="PASS">
          <reporter-output>
          </reporter-output>
        </test-method> <!-- teardown -->
      </class> <!-- TestNG_Practice.CrossBrowser_Parallel -->
    </test> <!-- ChromeTest -->
    <test started-at="2025-06-16T21:49:01 IST" name="FirefoxTest" finished-at="2025-06-16T21:49:21 IST" duration-ms="19522">
      <class name="TestNG_Practice.CrossBrowser_Parallel">
        <test-method is-config="true" signature="setup(java.lang.String)[pri:0, instance:TestNG_Practice.CrossBrowser_Parallel@7d20d0b]" started-at="2025-06-16T21:49:01 IST" name="setup" finished-at="2025-06-16T21:49:12 IST" duration-ms="11221" status="PASS">
          <params>
            <param index="0">
              <value>
                <![CDATA[Firefox]]>
              </value>
            </param>
          </params>
          <reporter-output>
          </reporter-output>
        </test-method> <!-- setup -->
        <test-method signature="LoginandLogout()[pri:0, instance:TestNG_Practice.CrossBrowser_Parallel@7d20d0b]" started-at="2025-06-16T21:49:12 IST" name="LoginandLogout" finished-at="2025-06-16T21:49:18 IST" duration-ms="5454" status="PASS">
          <reporter-output>
          </reporter-output>
        </test-method> <!-- LoginandLogout -->
        <test-method is-config="true" signature="teardown()[pri:0, instance:TestNG_Practice.CrossBrowser_Parallel@7d20d0b]" started-at="2025-06-16T21:49:18 IST" name="teardown" finished-at="2025-06-16T21:49:21 IST" duration-ms="2749" status="PASS">
          <reporter-output>
          </reporter-output>
        </test-method> <!-- teardown -->
      </class> <!-- TestNG_Practice.CrossBrowser_Parallel -->
    </test> <!-- FirefoxTest -->
    <test started-at="2025-06-16T21:49:01 IST" name="EdgeTest" finished-at="2025-06-16T21:49:22 IST" duration-ms="20924">
      <class name="TestNG_Practice.CrossBrowser_Parallel">
        <test-method is-config="true" signature="setup(java.lang.String)[pri:0, instance:TestNG_Practice.CrossBrowser_Parallel@41a2befb]" started-at="2025-06-16T21:49:01 IST" name="setup" finished-at="2025-06-16T21:49:13 IST" duration-ms="11805" status="PASS">
          <params>
            <param index="0">
              <value>
                <![CDATA[Edge]]>
              </value>
            </param>
          </params>
          <reporter-output>
          </reporter-output>
        </test-method> <!-- setup -->
        <test-method signature="LoginandLogout()[pri:0, instance:TestNG_Practice.CrossBrowser_Parallel@41a2befb]" started-at="2025-06-16T21:49:13 IST" name="LoginandLogout" finished-at="2025-06-16T21:49:20 IST" duration-ms="7279" status="PASS">
          <reporter-output>
          </reporter-output>
        </test-method> <!-- LoginandLogout -->
        <test-method is-config="true" signature="teardown()[pri:0, instance:TestNG_Practice.CrossBrowser_Parallel@41a2befb]" started-at="2025-06-16T21:49:20 IST" name="teardown" finished-at="2025-06-16T21:49:22 IST" duration-ms="1798" status="PASS">
          <reporter-output>
          </reporter-output>
        </test-method> <!-- teardown -->
      </class> <!-- TestNG_Practice.CrossBrowser_Parallel -->
    </test> <!-- EdgeTest -->
  </suite> <!-- CrossBrowser and Parallel -->
</testng-results>
