<?xml version="1.0" encoding="UTF-8"?>
<!-- Generated by org.testng.reporters.JUnitXMLReporter -->
<testsuite ignored="0" hostname="LAPTOP-OM27N3KO" failures="0" tests="4" name="REgister_and_LoginLogout" time="19.326" errors="0" timestamp="2025-03-25T18:06:15 IST">
  <testcase classname="TestNG_Practice.RegisterNewUSer" name="registerNewUSerWithValidDetails" time="2.586"/>
  <testcase classname="TestNG_Practice.RegisterNewUSer" name="loginWithNewUser" time="8.505"/>
  <testcase classname="TestNG_Practice.LoginLogOutScenario" name="loginWithValidScenario" time="2.672"/>
  <testcase classname="TestNG_Practice.LoginLogOutScenario" name="logoutFromApplication" time="0.53"/>
</testsuite> <!-- REgister_and_LoginLogout -->
